2023-05-28 14:08:06 INFO  ChatController:39 - ChatController.Message(senderName=John, text=Hello, backend!, date=2023-05-27)
2023-05-28 14:08:06 INFO  ChatController:39 - ChatController.Message(senderName=John, text=Hello, backend!, date=2023-05-27)
2023-05-28 14:22:21 INFO  ChatController:40 - ChatController.Message(senderId=null, text=Hello, backend!, date=2023-05-27)
2023-05-28 14:22:21 INFO  ChatController:40 - ChatController.Message(senderId=null, text=Hello, backend!, date=2023-05-27)
2023-05-28 14:23:07 INFO  ChatController:40 - ChatController.Message(senderId=null, text=Hello, backend!, date=2023-05-27)
2023-05-28 14:23:07 INFO  ChatController:40 - ChatController.Message(senderId=null, text=Hello, backend!, date=2023-05-27)
2023-05-28 14:23:24 INFO  ChatController:40 - ChatController.Message(senderId=null, text=Hello, backend!, date=2023-05-27)
2023-05-28 14:23:24 INFO  ChatController:40 - ChatController.Message(senderId=null, text=Hello, backend!, date=2023-05-27)
2023-05-28 14:24:45 INFO  ChatController:40 - ChatController.Message(senderName=John, text=Hello, backend!, date=2023-05-27)
2023-05-28 14:24:45 INFO  ChatController:40 - ChatController.Message(senderName=John, text=Hello, backend!, date=2023-05-27)
2023-05-28 14:25:00 INFO  ChatController:40 - ChatController.Message(senderName=John, text=Hello, backend!, date=2023-05-27)
2023-05-28 14:25:00 INFO  ChatController:40 - ChatController.Message(senderName=John, text=Hello, backend!, date=2023-05-27)
2023-05-28 14:25:09 INFO  ChatController:40 - ChatController.Message(senderName=John, text=Hello, backend!, date=2023-05-27)
2023-05-28 14:25:09 INFO  ChatController:40 - ChatController.Message(senderName=John, text=Hello, backend!, date=2023-05-27)
2023-05-28 14:26:10 INFO  ChatController:40 - ChatController.Message(senderName=John, text=qqq, date=2023-05-27)
2023-05-28 14:29:22 INFO  ChatController:40 - ChatController.Message(senderName=Ivan, text=, date=2023-05-27)
2023-05-28 14:29:40 INFO  ChatController:40 - ChatController.Message(senderName=ivan, text=qq, date=2023-05-27)
2023-05-28 14:30:04 INFO  ChatController:40 - ChatController.Message(senderName=ivan, text=qqq, date=2023-05-27)
2023-05-28 14:30:12 INFO  ChatController:40 - ChatController.Message(senderName=ivan, text=qqq, date=2023-05-27)
2023-05-28 14:31:03 INFO  ChatController:40 - ChatController.Message(senderName=ян, text=ку иван, date=2023-05-27)
2023-05-28 14:33:35 INFO  ChatController:40 - ChatController.Message(senderName=ivan, text=Привет Ян, date=2023-05-27)
2023-05-28 14:33:55 INFO  ChatController:40 - ChatController.Message(senderName=Ян, text=привет иван, date=2023-05-27)
2023-05-28 14:34:15 INFO  ChatController:40 - ChatController.Message(senderName=фф, text=фф, date=2023-05-27)
2023-05-28 14:34:36 INFO  ChatController:40 - ChatController.Message(senderName=й, text=й, date=2023-05-27)
2023-05-28 16:39:32 INFO  ChatController:37 - ChatController.Message(senderName=Ivan, text=text, date=2023-05-27)
2023-05-28 16:41:18 INFO  ChatController:37 - ChatController.Message(senderName=ivan, text=qqq, date=2023-05-27)
2023-05-28 16:41:34 INFO  ChatController:37 - ChatController.Message(senderName=aaa, text=qq, date=2023-05-27)
2023-05-28 17:54:23 INFO  ChatController:51 - d7b2660b-67ae-4972-9563-f49c58b0319e
2023-05-28 17:54:23 INFO  ChatController:52 - MessageDTO(senderId=1, text=qq)
2023-05-28 18:26:25 INFO  ChatController:52 - d7b2660b-67ae-4972-9563-f49c58b0319e
2023-05-28 18:26:25 INFO  ChatController:53 - MessageDTO(senderId=2, text=qq)
2023-05-28 22:42:40 INFO  ChatService:107 - OK
2023-05-28 23:06:21 INFO  ChatService:107 - OK
2023-05-28 23:11:14 INFO  ChatService:107 - OK
2023-05-28 23:11:33 INFO  ChatService:107 - OK
2023-05-28 23:11:45 INFO  ChatService:107 - OK
2023-05-28 23:12:00 INFO  ChatService:107 - OK
2023-05-28 23:12:22 INFO  ChatService:107 - OK
2023-05-28 23:13:32 INFO  ChatService:107 - OK
2023-05-28 23:18:55 INFO  ChatService:107 - OK
2023-05-28 23:20:46 INFO  ChatService:107 - OK
2023-05-29 14:41:12 INFO  ChatService:120 - OK
2023-05-29 14:41:46 INFO  ChatService:120 - OK
2023-05-29 14:42:02 INFO  ChatService:120 - OK
2023-05-29 14:42:44 INFO  ChatService:120 - OK
2023-05-29 14:46:32 INFO  ChatService:120 - OK
